<?xml version="1.0" encoding="UTF-8"?>
<testng-results skipped="0" failed="0" ignored="0" total="1" passed="1">
  <reporter-output>
  </reporter-output>
  <suite name="Default suite" duration-ms="80883" started-at="2020-06-13T18:00:25Z" finished-at="2020-06-13T18:01:46Z">
    <groups>
    </groups>
    <test name="Default test" duration-ms="80883" started-at="2020-06-13T18:00:25Z" finished-at="2020-06-13T18:01:46Z">
      <class name="Tests.DownloadFileConcept">
        <test-method status="PASS" signature="setup()[pri:0, instance:Tests.DownloadFileConcept@192d43ce]" name="setup" is-config="true" duration-ms="6993" started-at="2020-06-13T23:30:25Z" finished-at="2020-06-13T23:30:32Z">
          <reporter-output>
          </reporter-output>
        </test-method> <!-- setup -->
        <test-method status="PASS" signature="downloadFileTest()[pri:0, instance:Tests.DownloadFileConcept@192d43ce]" name="downloadFileTest" duration-ms="36142" started-at="2020-06-13T23:30:32Z" finished-at="2020-06-13T23:31:08Z">
          <reporter-output>
          </reporter-output>
        </test-method> <!-- downloadFileTest -->
        <test-method status="PASS" signature="tearDown()[pri:0, instance:Tests.DownloadFileConcept@192d43ce]" name="tearDown" is-config="true" duration-ms="37717" started-at="2020-06-13T23:31:08Z" finished-at="2020-06-13T23:31:46Z">
          <reporter-output>
          </reporter-output>
        </test-method> <!-- tearDown -->
      </class> <!-- Tests.DownloadFileConcept -->
    </test> <!-- Default test -->
  </suite> <!-- Default suite -->
</testng-results>
